SNMPv2-MIB::sysDescr.0 = STRING: Brother NC-6200h, Firmware Ver.H  ,MID 8C5-A15,FID 2
SNMPv2-MIB::sysObjectID.0 = OID: SNMPv2-SMI::enterprises.11.2.3.9.1
DISMAN-EVENT-MIB::sysUpTimeInstance = Timeticks: (68974475) 7 days, 23:35:44.75
SNMPv2-MIB::sysContact.0 = STRING: 
SNMPv2-MIB::sysName.0 = STRING: BRN_869967
SNMPv2-MIB::sysLocation.0 = STRING: 
SNMPv2-MIB::sysServices.0 = INTEGER: 72
IF-MIB::ifNumber.0 = INTEGER: 1
IF-MIB::ifIndex.1 = INTEGER: 1
IF-MIB::ifType.1 = INTEGER: iso88023Csmacd(7)
IF-MIB::ifMtu.1 = INTEGER: 1500
IF-MIB::ifSpeed.1 = Gauge32: 10000000
IF-MIB::ifPhysAddress.1 = STRING: 0:80:77:86:99:67
IF-MIB::ifAdminStatus.1 = INTEGER: up(1)
IF-MIB::ifOperStatus.1 = INTEGER: up(1)
IF-MIB::ifLastChange.1 = Timeticks: (0) 0:00:00.00
IF-MIB::ifInOctets.1 = Counter32: 64738019
IF-MIB::ifInUcastPkts.1 = Counter32: 48190
IF-MIB::ifInNUcastPkts.1 = Counter32: 460250
IF-MIB::ifInDiscards.1 = Counter32: 0
IF-MIB::ifInErrors.1 = Counter32: 0
IF-MIB::ifInUnknownProtos.1 = Counter32: 0
IF-MIB::ifOutOctets.1 = Counter32: 9428627
IF-MIB::ifOutUcastPkts.1 = Counter32: 49540
IF-MIB::ifOutNUcastPkts.1 = Counter32: 36
IF-MIB::ifOutDiscards.1 = Counter32: 0
IF-MIB::ifOutErrors.1 = Counter32: 0
IF-MIB::ifOutQLen.1 = Gauge32: 0
IF-MIB::ifSpecific.1 = OID: SNMPv2-SMI::zeroDotZero
SNMPv2-SMI::mib-2.3.1.1.1.1.1.192.168.123.168 = INTEGER: 1
SNMPv2-SMI::mib-2.3.1.1.1.1.1.192.168.123.174 = INTEGER: 1
SNMPv2-SMI::mib-2.3.1.1.2.1.1.192.168.123.168 = Hex-STRING: 00 26 C7 72 78 A8 
SNMPv2-SMI::mib-2.3.1.1.2.1.1.192.168.123.174 = Hex-STRING: 8C 89 A5 2F 94 8C 
SNMPv2-SMI::mib-2.3.1.1.3.1.1.192.168.123.168 = IpAddress: 192.168.123.168
SNMPv2-SMI::mib-2.3.1.1.3.1.1.192.168.123.174 = IpAddress: 192.168.123.174
IP-MIB::ipForwarding.0 = INTEGER: notForwarding(2)
IP-MIB::ipDefaultTTL.0 = INTEGER: 60
IP-MIB::ipInReceives.0 = Counter32: 260670
IP-MIB::ipInHdrErrors.0 = Counter32: 113
IP-MIB::ipInAddrErrors.0 = Counter32: 0
IP-MIB::ipForwDatagrams.0 = Counter32: 0
IP-MIB::ipInUnknownProtos.0 = Counter32: 0
IP-MIB::ipInDiscards.0 = Counter32: 0
IP-MIB::ipInDelivers.0 = Counter32: 260321
IP-MIB::ipOutRequests.0 = Counter32: 37690
IP-MIB::ipOutDiscards.0 = Counter32: 0
IP-MIB::ipOutNoRoutes.0 = Counter32: 0
IP-MIB::ipReasmTimeout.0 = INTEGER: 0 seconds
IP-MIB::ipReasmReqds.0 = Counter32: 0
IP-MIB::ipReasmOKs.0 = Counter32: 0
IP-MIB::ipReasmFails.0 = Counter32: 0
IP-MIB::ipFragOKs.0 = Counter32: 0
IP-MIB::ipFragFails.0 = Counter32: 0
IP-MIB::ipFragCreates.0 = Counter32: 0
IP-MIB::ipAdEntAddr.192.168.123.157 = IpAddress: 192.168.123.157
IP-MIB::ipAdEntIfIndex.192.168.123.157 = INTEGER: 1
IP-MIB::ipAdEntNetMask.192.168.123.157 = IpAddress: 255.255.255.0
IP-MIB::ipAdEntBcastAddr.192.168.123.157 = INTEGER: 1
IP-MIB::ipAdEntReasmMaxSize.192.168.123.157 = INTEGER: 65535
IP-MIB::ip.21.1.1.0.0.0.0 = IpAddress: 0.0.0.0
IP-MIB::ip.21.1.2.0.0.0.0 = INTEGER: 1
IP-MIB::ip.21.1.3.0.0.0.0 = INTEGER: -1
IP-MIB::ip.21.1.4.0.0.0.0 = INTEGER: -1
IP-MIB::ip.21.1.5.0.0.0.0 = INTEGER: -1
IP-MIB::ip.21.1.6.0.0.0.0 = INTEGER: -1
IP-MIB::ip.21.1.7.0.0.0.0 = IpAddress: 192.168.123.1
IP-MIB::ip.21.1.8.0.0.0.0 = INTEGER: 1
IP-MIB::ip.21.1.9.0.0.0.0 = INTEGER: 2
IP-MIB::ip.21.1.11.0.0.0.0 = IpAddress: 0.0.0.0
IP-MIB::ip.21.1.12.0.0.0.0 = INTEGER: -1
IP-MIB::ip.21.1.13.0.0.0.0 = OID: SNMPv2-SMI::zeroDotZero
IP-MIB::ipNetToMediaIfIndex.1.192.168.123.168 = INTEGER: 1
IP-MIB::ipNetToMediaIfIndex.1.192.168.123.174 = INTEGER: 1
IP-MIB::ipNetToMediaPhysAddress.1.192.168.123.168 = STRING: 0:26:c7:72:78:a8
IP-MIB::ipNetToMediaPhysAddress.1.192.168.123.174 = STRING: 8c:89:a5:2f:94:8c
IP-MIB::ipNetToMediaNetAddress.1.192.168.123.168 = IpAddress: 192.168.123.168
IP-MIB::ipNetToMediaNetAddress.1.192.168.123.174 = IpAddress: 192.168.123.174
IP-MIB::ipNetToMediaType.1.192.168.123.168 = INTEGER: dynamic(3)
IP-MIB::ipNetToMediaType.1.192.168.123.174 = INTEGER: dynamic(3)
IP-MIB::ipRoutingDiscards.0 = Counter32: 0
IP-MIB::icmpInMsgs.0 = Counter32: 0
IP-MIB::icmpInErrors.0 = Counter32: 0
IP-MIB::icmpInDestUnreachs.0 = Counter32: 0
IP-MIB::icmpInTimeExcds.0 = Counter32: 0
IP-MIB::icmpInParmProbs.0 = Counter32: 0
IP-MIB::icmpInSrcQuenchs.0 = Counter32: 0
IP-MIB::icmpInRedirects.0 = Counter32: 0
IP-MIB::icmpInEchos.0 = Counter32: 0
IP-MIB::icmpInEchoReps.0 = Counter32: 0
IP-MIB::icmpInTimestamps.0 = Counter32: 0
IP-MIB::icmpInTimestampReps.0 = Counter32: 0
IP-MIB::icmpInAddrMasks.0 = Counter32: 0
IP-MIB::icmpInAddrMaskReps.0 = Counter32: 0
IP-MIB::icmpOutMsgs.0 = Counter32: 4
IP-MIB::icmpOutErrors.0 = Counter32: 0
IP-MIB::icmpOutDestUnreachs.0 = Counter32: 4
IP-MIB::icmpOutTimeExcds.0 = Counter32: 0
IP-MIB::icmpOutParmProbs.0 = Counter32: 0
IP-MIB::icmpOutSrcQuenchs.0 = Counter32: 0
IP-MIB::icmpOutRedirects.0 = Counter32: 0
IP-MIB::icmpOutEchos.0 = Counter32: 0
IP-MIB::icmpOutEchoReps.0 = Counter32: 0
IP-MIB::icmpOutTimestamps.0 = Counter32: 0
IP-MIB::icmpOutTimestampReps.0 = Counter32: 0
IP-MIB::icmpOutAddrMasks.0 = Counter32: 0
IP-MIB::icmpOutAddrMaskReps.0 = Counter32: 0
TCP-MIB::tcpRtoAlgorithm.0 = INTEGER: rsre(3)
TCP-MIB::tcpRtoMin.0 = INTEGER: 0 milliseconds
TCP-MIB::tcpRtoMax.0 = INTEGER: 0 milliseconds
TCP-MIB::tcpMaxConn.0 = INTEGER: 64
TCP-MIB::tcpActiveOpens.0 = Counter32: 0
TCP-MIB::tcpPassiveOpens.0 = Counter32: 0
TCP-MIB::tcpAttemptFails.0 = Counter32: 0
TCP-MIB::tcpEstabResets.0 = Counter32: 0
TCP-MIB::tcpCurrEstab.0 = Gauge32: 0
TCP-MIB::tcpInSegs.0 = Counter32: 474
TCP-MIB::tcpOutSegs.0 = Counter32: 245
TCP-MIB::tcpRetransSegs.0 = Counter32: 0
TCP-MIB::tcpConnState.0.0.0.0.21.0.0.0.0.0 = INTEGER: listen(2)
TCP-MIB::tcpConnState.0.0.0.0.23.0.0.0.0.0 = INTEGER: listen(2)
TCP-MIB::tcpConnState.0.0.0.0.80.0.0.0.0.0 = INTEGER: listen(2)
TCP-MIB::tcpConnState.0.0.0.0.515.0.0.0.0.0 = INTEGER: listen(2)
TCP-MIB::tcpConnState.0.0.0.0.631.0.0.0.0.0 = INTEGER: listen(2)
TCP-MIB::tcpConnState.0.0.0.0.9100.0.0.0.0.0 = INTEGER: listen(2)
TCP-MIB::tcpConnState.0.0.0.0.54921.0.0.0.0.0 = INTEGER: listen(2)
TCP-MIB::tcpConnLocalAddress.0.0.0.0.21.0.0.0.0.0 = IpAddress: 0.0.0.0
TCP-MIB::tcpConnLocalAddress.0.0.0.0.23.0.0.0.0.0 = IpAddress: 0.0.0.0
TCP-MIB::tcpConnLocalAddress.0.0.0.0.80.0.0.0.0.0 = IpAddress: 0.0.0.0
TCP-MIB::tcpConnLocalAddress.0.0.0.0.515.0.0.0.0.0 = IpAddress: 0.0.0.0
TCP-MIB::tcpConnLocalAddress.0.0.0.0.631.0.0.0.0.0 = IpAddress: 0.0.0.0
TCP-MIB::tcpConnLocalAddress.0.0.0.0.9100.0.0.0.0.0 = IpAddress: 0.0.0.0
TCP-MIB::tcpConnLocalAddress.0.0.0.0.54921.0.0.0.0.0 = IpAddress: 0.0.0.0
TCP-MIB::tcpConnLocalPort.0.0.0.0.21.0.0.0.0.0 = INTEGER: 21
TCP-MIB::tcpConnLocalPort.0.0.0.0.23.0.0.0.0.0 = INTEGER: 23
TCP-MIB::tcpConnLocalPort.0.0.0.0.80.0.0.0.0.0 = INTEGER: 80
TCP-MIB::tcpConnLocalPort.0.0.0.0.515.0.0.0.0.0 = INTEGER: 515
TCP-MIB::tcpConnLocalPort.0.0.0.0.631.0.0.0.0.0 = INTEGER: 631
TCP-MIB::tcpConnLocalPort.0.0.0.0.9100.0.0.0.0.0 = INTEGER: 9100
TCP-MIB::tcpConnLocalPort.0.0.0.0.54921.0.0.0.0.0 = INTEGER: 54921
TCP-MIB::tcpConnRemAddress.0.0.0.0.21.0.0.0.0.0 = IpAddress: 0.0.0.0
TCP-MIB::tcpConnRemAddress.0.0.0.0.23.0.0.0.0.0 = IpAddress: 0.0.0.0
TCP-MIB::tcpConnRemAddress.0.0.0.0.80.0.0.0.0.0 = IpAddress: 0.0.0.0
TCP-MIB::tcpConnRemAddress.0.0.0.0.515.0.0.0.0.0 = IpAddress: 0.0.0.0
TCP-MIB::tcpConnRemAddress.0.0.0.0.631.0.0.0.0.0 = IpAddress: 0.0.0.0
TCP-MIB::tcpConnRemAddress.0.0.0.0.9100.0.0.0.0.0 = IpAddress: 0.0.0.0
TCP-MIB::tcpConnRemAddress.0.0.0.0.54921.0.0.0.0.0 = IpAddress: 0.0.0.0
TCP-MIB::tcpConnRemPort.0.0.0.0.21.0.0.0.0.0 = INTEGER: 0
TCP-MIB::tcpConnRemPort.0.0.0.0.23.0.0.0.0.0 = INTEGER: 0
TCP-MIB::tcpConnRemPort.0.0.0.0.80.0.0.0.0.0 = INTEGER: 0
TCP-MIB::tcpConnRemPort.0.0.0.0.515.0.0.0.0.0 = INTEGER: 0
TCP-MIB::tcpConnRemPort.0.0.0.0.631.0.0.0.0.0 = INTEGER: 0
TCP-MIB::tcpConnRemPort.0.0.0.0.9100.0.0.0.0.0 = INTEGER: 0
TCP-MIB::tcpConnRemPort.0.0.0.0.54921.0.0.0.0.0 = INTEGER: 0
TCP-MIB::tcpInErrs.0 = Counter32: 0
TCP-MIB::tcpOutRsts.0 = Counter32: 0
UDP-MIB::udpInDatagrams.0 = Counter32: 259961
UDP-MIB::udpNoPorts.0 = Counter32: 196259
UDP-MIB::udpInErrors.0 = Counter32: 0
UDP-MIB::udpOutDatagrams.0 = Counter32: 37555
UDP-MIB::udpLocalAddress.0.69 = IpAddress: 0.0.170.170
UDP-MIB::udpLocalAddress.0.137 = IpAddress: 192.168.123.157
UDP-MIB::udpLocalAddress.0.5353 = IpAddress: 192.168.123.157
UDP-MIB::udpLocalAddress.170.68 = IpAddress: 0.0.0.0
UDP-MIB::udpLocalAddress.170.161 = IpAddress: 192.168.123.157
UDP-MIB::udpLocalAddress.170.2435 = IpAddress: 0.0.0.0
UDP-MIB::udpLocalPort.0.69 = INTEGER: 69
UDP-MIB::udpLocalPort.0.137 = INTEGER: 137
UDP-MIB::udpLocalPort.0.5353 = INTEGER: 5353
UDP-MIB::udpLocalPort.170.68 = INTEGER: 68
UDP-MIB::udpLocalPort.170.161 = INTEGER: 161
UDP-MIB::udpLocalPort.170.2435 = INTEGER: 2435
SNMPv2-MIB::snmpInPkts.0 = Counter32: 36419
SNMPv2-MIB::snmpOutPkts.0 = Counter32: 36371
SNMPv2-MIB::snmpInBadVersions.0 = Counter32: 48
SNMPv2-MIB::snmpInBadCommunityNames.0 = Counter32: 0
SNMPv2-MIB::snmpInBadCommunityUses.0 = Counter32: 0
SNMPv2-MIB::snmpInASNParseErrs.0 = Counter32: 0
SNMPv2-MIB::snmpInTooBigs.0 = Counter32: 0
SNMPv2-MIB::snmpInNoSuchNames.0 = Counter32: 0
SNMPv2-MIB::snmpInBadValues.0 = Counter32: 0
SNMPv2-MIB::snmpInReadOnlys.0 = Counter32: 0
SNMPv2-MIB::snmpInGenErrs.0 = Counter32: 0
SNMPv2-MIB::snmpInTotalReqVars.0 = Counter32: 27181
SNMPv2-MIB::snmpInTotalSetVars.0 = Counter32: 184192
SNMPv2-MIB::snmpInGetRequests.0 = Counter32: 24183
SNMPv2-MIB::snmpInGetNexts.0 = Counter32: 690
SNMPv2-MIB::snmpInSetRequests.0 = Counter32: 11512
SNMPv2-MIB::snmpInGetResponses.0 = Counter32: 0
SNMPv2-MIB::snmpInTraps.0 = Counter32: 0
SNMPv2-MIB::snmpOutTooBigs.0 = Counter32: 0
SNMPv2-MIB::snmpOutNoSuchNames.0 = Counter32: 0
SNMPv2-MIB::snmpOutBadValues.0 = Counter32: 0
SNMPv2-MIB::snmpOutGenErrs.0 = Counter32: 0
SNMPv2-MIB::snmpOutGetRequests.0 = Counter32: 0
SNMPv2-MIB::snmpOutGetNexts.0 = Counter32: 0
SNMPv2-MIB::snmpOutSetRequests.0 = Counter32: 0
SNMPv2-MIB::snmpOutGetResponses.0 = Counter32: 36395
SNMPv2-MIB::snmpOutTraps.0 = Counter32: 0
SNMPv2-MIB::snmpEnableAuthenTraps.0 = INTEGER: disabled(2)
HOST-RESOURCES-MIB::hrSystemDate.0 = STRING: 2006-3-27,20:50:0.0
HOST-RESOURCES-MIB::hrMemorySize.0 = INTEGER: 32768 KBytes
HOST-RESOURCES-MIB::hrStorageIndex.1 = INTEGER: 1
HOST-RESOURCES-MIB::hrStorageType.1 = OID: HOST-RESOURCES-TYPES::hrStorageRam
HOST-RESOURCES-MIB::hrStorageDescr.1 = STRING: Random Access Memory
HOST-RESOURCES-MIB::hrStorageAllocationUnits.1 = INTEGER: 1 Bytes
HOST-RESOURCES-MIB::hrStorageSize.1 = INTEGER: 33554432
HOST-RESOURCES-MIB::hrStorageUsed.1 = INTEGER: 16452
HOST-RESOURCES-MIB::hrStorageAllocationFailures.1 = Wrong Type (should be Counter32): INTEGER: 0
HOST-RESOURCES-MIB::hrDeviceIndex.1 = INTEGER: 1
HOST-RESOURCES-MIB::hrDeviceType.1 = OID: HOST-RESOURCES-TYPES::hrDevicePrinter
HOST-RESOURCES-MIB::hrDeviceDescr.1 = STRING: Brother MFC-7820N
HOST-RESOURCES-MIB::hrDeviceID.1 = OID: SNMPv2-SMI::zeroDotZero
HOST-RESOURCES-MIB::hrDeviceStatus.1 = INTEGER: running(2)
HOST-RESOURCES-MIB::hrDeviceErrors.1 = Wrong Type (should be Counter32): INTEGER: 0
HOST-RESOURCES-MIB::hrPrinterStatus.1 = INTEGER: other(1)
HOST-RESOURCES-MIB::hrPrinterDetectedErrorState.1 = Hex-STRING: 00 
SNMPv2-SMI::mib-2.43.5.1.1.1.1 = Counter32: 0
SNMPv2-SMI::mib-2.43.5.1.1.2.1 = INTEGER: 1
SNMPv2-SMI::mib-2.43.5.1.1.3.1 = INTEGER: 3
SNMPv2-SMI::mib-2.43.5.1.1.4.1 = ""
SNMPv2-SMI::mib-2.43.5.1.1.5.1 = ""
SNMPv2-SMI::mib-2.43.5.1.1.6.1 = INTEGER: 1
SNMPv2-SMI::mib-2.43.5.1.1.7.1 = INTEGER: 1
SNMPv2-SMI::mib-2.43.5.1.1.8.1 = INTEGER: 1
SNMPv2-SMI::mib-2.43.5.1.1.9.1 = INTEGER: 1
SNMPv2-SMI::mib-2.43.5.1.1.10.1 = INTEGER: 1
SNMPv2-SMI::mib-2.43.5.1.1.11.1 = INTEGER: 2
SNMPv2-SMI::mib-2.43.5.1.1.12.1 = INTEGER: 16
SNMPv2-SMI::mib-2.43.5.1.1.13.1 = INTEGER: 3
SNMPv2-SMI::mib-2.43.5.2.1.2.1.1 = INTEGER: 1
SNMPv2-SMI::mib-2.43.5.3.1.2.1.1 = INTEGER: 1
SNMPv2-SMI::mib-2.43.6.1.1.2.1.1 = STRING: "PrinterCover"
SNMPv2-SMI::mib-2.43.6.1.1.3.1.1 = INTEGER: 4
SNMPv2-SMI::mib-2.43.7.1.1.2.1.1 = STRING: "en"
SNMPv2-SMI::mib-2.43.7.1.1.3.1.1 = STRING: "US"
SNMPv2-SMI::mib-2.43.7.1.1.4.1.1 = INTEGER: 4
SNMPv2-SMI::mib-2.43.8.2.1.2.1.1 = INTEGER: 4
SNMPv2-SMI::mib-2.43.8.2.1.3.1.1 = INTEGER: 3
SNMPv2-SMI::mib-2.43.8.2.1.4.1.1 = INTEGER: -2
SNMPv2-SMI::mib-2.43.8.2.1.5.1.1 = INTEGER: -2
SNMPv2-SMI::mib-2.43.8.2.1.6.1.1 = INTEGER: 110000
SNMPv2-SMI::mib-2.43.8.2.1.7.1.1 = INTEGER: 85000
SNMPv2-SMI::mib-2.43.8.2.1.8.1.1 = INTEGER: 8
SNMPv2-SMI::mib-2.43.8.2.1.9.1.1 = INTEGER: 250
SNMPv2-SMI::mib-2.43.8.2.1.10.1.1 = INTEGER: -3
SNMPv2-SMI::mib-2.43.8.2.1.11.1.1 = INTEGER: 0
SNMPv2-SMI::mib-2.43.8.2.1.12.1.1 = STRING: "REGULAR"
SNMPv2-SMI::mib-2.43.8.2.1.13.1.1 = STRING: "TRAY1"
SNMPv2-SMI::mib-2.43.8.2.1.14.1.1 = STRING: "Brother"
SNMPv2-SMI::mib-2.43.8.2.1.15.1.1 = ""
SNMPv2-SMI::mib-2.43.8.2.1.16.1.1 = ""
SNMPv2-SMI::mib-2.43.8.2.1.17.1.1 = ""
SNMPv2-SMI::mib-2.43.8.2.1.18.1.1 = STRING: "TRAY1"
SNMPv2-SMI::mib-2.43.8.2.1.19.1.1 = INTEGER: 5
SNMPv2-SMI::mib-2.43.8.2.1.20.1.1 = INTEGER: -2
SNMPv2-SMI::mib-2.43.8.2.1.21.1.1 = STRING: "Unknown"
SNMPv2-SMI::mib-2.43.8.2.1.22.1.1 = STRING: "Unknown"
SNMPv2-SMI::mib-2.43.8.2.1.23.1.1 = INTEGER: -2
SNMPv2-SMI::mib-2.43.9.2.1.2.1.1 = INTEGER: 4
SNMPv2-SMI::mib-2.43.9.2.1.3.1.1 = INTEGER: 8
SNMPv2-SMI::mib-2.43.9.2.1.4.1.1 = INTEGER: 150
SNMPv2-SMI::mib-2.43.9.2.1.5.1.1 = INTEGER: -2
SNMPv2-SMI::mib-2.43.9.2.1.6.1.1 = INTEGER: 0
SNMPv2-SMI::mib-2.43.9.2.1.7.1.1 = STRING: "Standard Output Tray"
SNMPv2-SMI::mib-2.43.9.2.1.8.1.1 = STRING: "Brother"
SNMPv2-SMI::mib-2.43.9.2.1.9.1.1 = ""
SNMPv2-SMI::mib-2.43.9.2.1.10.1.1 = ""
SNMPv2-SMI::mib-2.43.9.2.1.11.1.1 = ""
SNMPv2-SMI::mib-2.43.9.2.1.12.1.1 = STRING: "STANDARD OUTBIN"
SNMPv2-SMI::mib-2.43.9.2.1.13.1.1 = INTEGER: 5
SNMPv2-SMI::mib-2.43.9.2.1.14.1.1 = INTEGER: 3
SNMPv2-SMI::mib-2.43.9.2.1.15.1.1 = INTEGER: 140000
SNMPv2-SMI::mib-2.43.9.2.1.16.1.1 = INTEGER: 85000
SNMPv2-SMI::mib-2.43.9.2.1.17.1.1 = INTEGER: 50000
SNMPv2-SMI::mib-2.43.9.2.1.18.1.1 = INTEGER: 27500
SNMPv2-SMI::mib-2.43.9.2.1.19.1.1 = INTEGER: 4
SNMPv2-SMI::mib-2.43.9.2.1.20.1.1 = INTEGER: 4
SNMPv2-SMI::mib-2.43.9.2.1.21.1.1 = INTEGER: 5
SNMPv2-SMI::mib-2.43.9.2.1.22.1.1 = INTEGER: 5
SNMPv2-SMI::mib-2.43.9.2.1.23.1.1 = INTEGER: 5
SNMPv2-SMI::mib-2.43.9.2.1.24.1.1 = INTEGER: 5
SNMPv2-SMI::mib-2.43.10.2.1.2.1.1 = INTEGER: 4
SNMPv2-SMI::mib-2.43.10.2.1.3.1.1 = INTEGER: 8
SNMPv2-SMI::mib-2.43.10.2.1.4.1.1 = Counter32: 18171
SNMPv2-SMI::mib-2.43.10.2.1.5.1.1 = Counter32: 2
SNMPv2-SMI::mib-2.43.10.2.1.6.1.1 = INTEGER: 1
SNMPv2-SMI::mib-2.43.10.2.1.7.1.1 = INTEGER: 0
SNMPv2-SMI::mib-2.43.10.2.1.8.1.1 = INTEGER: 3
SNMPv2-SMI::mib-2.43.10.2.1.9.1.1 = INTEGER: 600
SNMPv2-SMI::mib-2.43.10.2.1.10.1.1 = INTEGER: 600
SNMPv2-SMI::mib-2.43.10.2.1.11.1.1 = INTEGER: 1666
SNMPv2-SMI::mib-2.43.10.2.1.12.1.1 = INTEGER: 1666
SNMPv2-SMI::mib-2.43.10.2.1.13.1.1 = INTEGER: 2500
SNMPv2-SMI::mib-2.43.10.2.1.14.1.1 = INTEGER: 2500
SNMPv2-SMI::mib-2.43.10.2.1.15.1.1 = INTEGER: 0
SNMPv2-SMI::mib-2.43.11.1.1.2.1.1 = INTEGER: 1
SNMPv2-SMI::mib-2.43.11.1.1.2.1.2 = INTEGER: 1
SNMPv2-SMI::mib-2.43.11.1.1.3.1.1 = INTEGER: 1
SNMPv2-SMI::mib-2.43.11.1.1.3.1.2 = INTEGER: 1
SNMPv2-SMI::mib-2.43.11.1.1.4.1.1 = INTEGER: 3
SNMPv2-SMI::mib-2.43.11.1.1.4.1.2 = INTEGER: 3
SNMPv2-SMI::mib-2.43.11.1.1.5.1.1 = INTEGER: 3
SNMPv2-SMI::mib-2.43.11.1.1.5.1.2 = INTEGER: 9
SNMPv2-SMI::mib-2.43.11.1.1.6.1.1 = STRING: "TN-350/TN-2000/TN-2025/TN-2075"
SNMPv2-SMI::mib-2.43.11.1.1.6.1.2 = STRING: "DR-350/DR-2000/DR-2025/DR-2075"
SNMPv2-SMI::mib-2.43.11.1.1.7.1.1 = INTEGER: 13
SNMPv2-SMI::mib-2.43.11.1.1.7.1.2 = INTEGER: 7
SNMPv2-SMI::mib-2.43.11.1.1.8.1.1 = INTEGER: -2
SNMPv2-SMI::mib-2.43.11.1.1.8.1.2 = INTEGER: -2
SNMPv2-SMI::mib-2.43.11.1.1.9.1.1 = INTEGER: -3
SNMPv2-SMI::mib-2.43.11.1.1.9.1.2 = INTEGER: -3
SNMPv2-SMI::mib-2.43.12.1.1.2.1.1 = INTEGER: 1
SNMPv2-SMI::mib-2.43.12.1.1.3.1.1 = INTEGER: 3
SNMPv2-SMI::mib-2.43.12.1.1.4.1.1 = STRING: "black"
SNMPv2-SMI::mib-2.43.12.1.1.5.1.1 = INTEGER: 2
SNMPv2-SMI::mib-2.43.13.4.1.2.1.1 = INTEGER: 7
SNMPv2-SMI::mib-2.43.13.4.1.3.1.1 = INTEGER: 3
SNMPv2-SMI::mib-2.43.13.4.1.4.1.1 = INTEGER: 1200
SNMPv2-SMI::mib-2.43.13.4.1.5.1.1 = INTEGER: 140000
SNMPv2-SMI::mib-2.43.13.4.1.6.1.1 = INTEGER: 85000
SNMPv2-SMI::mib-2.43.13.4.1.7.1.1 = INTEGER: 50000
SNMPv2-SMI::mib-2.43.13.4.1.8.1.1 = INTEGER: 27500
SNMPv2-SMI::mib-2.43.13.4.1.9.1.1 = INTEGER: 5
SNMPv2-SMI::mib-2.43.13.4.1.10.1.1 = STRING: "Simplex"
SNMPv2-SMI::mib-2.43.13.4.1.11.1.1 = INTEGER: 0
SNMPv2-SMI::mib-2.43.14.1.1.2.1.1 = INTEGER: 5
SNMPv2-SMI::mib-2.43.14.1.1.2.1.2 = INTEGER: 7
SNMPv2-SMI::mib-2.43.14.1.1.2.1.3 = INTEGER: 8
SNMPv2-SMI::mib-2.43.14.1.1.2.1.4 = INTEGER: 9
SNMPv2-SMI::mib-2.43.14.1.1.2.1.5 = INTEGER: 10
SNMPv2-SMI::mib-2.43.14.1.1.2.1.6 = INTEGER: 11
SNMPv2-SMI::mib-2.43.14.1.1.2.1.7 = INTEGER: 13
SNMPv2-SMI::mib-2.43.14.1.1.2.1.8 = INTEGER: 14
SNMPv2-SMI::mib-2.43.14.1.1.2.1.9 = INTEGER: 15
SNMPv2-SMI::mib-2.43.14.1.1.2.1.10 = INTEGER: 27
SNMPv2-SMI::mib-2.43.14.1.1.2.1.11 = INTEGER: 32
SNMPv2-SMI::mib-2.43.14.1.1.2.1.12 = INTEGER: 34
SNMPv2-SMI::mib-2.43.14.1.1.2.1.13 = INTEGER: 38
SNMPv2-SMI::mib-2.43.14.1.1.2.1.14 = INTEGER: 41
SNMPv2-SMI::mib-2.43.14.1.1.2.1.15 = INTEGER: 42
SNMPv2-SMI::mib-2.43.14.1.1.3.1.1 = STRING: "1994 std. Nibble,Byte and ECP"
SNMPv2-SMI::mib-2.43.14.1.1.3.1.2 = STRING: "Phase 2"
SNMPv2-SMI::mib-2.43.14.1.1.3.1.3 = STRING: "1991 Draft"
SNMPv2-SMI::mib-2.43.14.1.1.3.1.4 = STRING: "Netware 5.x"
SNMPv2-SMI::mib-2.43.14.1.1.3.1.5 = STRING: "Netware 5.x"
SNMPv2-SMI::mib-2.43.14.1.1.3.1.6 = ""
SNMPv2-SMI::mib-2.43.14.1.1.3.1.7 = STRING: "RFC 959"
SNMPv2-SMI::mib-2.43.14.1.1.3.1.8 = STRING: "RFC 1350"
SNMPv2-SMI::mib-2.43.14.1.1.3.1.9 = ""
SNMPv2-SMI::mib-2.43.14.1.1.3.1.10 = ""
SNMPv2-SMI::mib-2.43.14.1.1.3.1.11 = ""
SNMPv2-SMI::mib-2.43.14.1.1.3.1.12 = STRING: "1.0"
SNMPv2-SMI::mib-2.43.14.1.1.3.1.13 = ""
SNMPv2-SMI::mib-2.43.14.1.1.3.1.14 = ""
SNMPv2-SMI::mib-2.43.14.1.1.3.1.15 = STRING: "1.1"
SNMPv2-SMI::mib-2.43.14.1.1.4.1.1 = INTEGER: 1
SNMPv2-SMI::mib-2.43.14.1.1.4.1.2 = INTEGER: 1
SNMPv2-SMI::mib-2.43.14.1.1.4.1.3 = INTEGER: 1
SNMPv2-SMI::mib-2.43.14.1.1.4.1.4 = INTEGER: 1
SNMPv2-SMI::mib-2.43.14.1.1.4.1.5 = INTEGER: 1
SNMPv2-SMI::mib-2.43.14.1.1.4.1.6 = INTEGER: 1
SNMPv2-SMI::mib-2.43.14.1.1.4.1.7 = INTEGER: 1
SNMPv2-SMI::mib-2.43.14.1.1.4.1.8 = INTEGER: 1
SNMPv2-SMI::mib-2.43.14.1.1.4.1.9 = INTEGER: 1
SNMPv2-SMI::mib-2.43.14.1.1.4.1.10 = INTEGER: 1
SNMPv2-SMI::mib-2.43.14.1.1.4.1.11 = INTEGER: 1
SNMPv2-SMI::mib-2.43.14.1.1.4.1.12 = INTEGER: 1
SNMPv2-SMI::mib-2.43.14.1.1.4.1.13 = INTEGER: 1
SNMPv2-SMI::mib-2.43.14.1.1.4.1.14 = INTEGER: 1
SNMPv2-SMI::mib-2.43.14.1.1.4.1.15 = INTEGER: 1
SNMPv2-SMI::mib-2.43.14.1.1.5.1.1 = INTEGER: 1
SNMPv2-SMI::mib-2.43.14.1.1.5.1.2 = INTEGER: 1
SNMPv2-SMI::mib-2.43.14.1.1.5.1.3 = INTEGER: 1
SNMPv2-SMI::mib-2.43.14.1.1.5.1.4 = INTEGER: 1
SNMPv2-SMI::mib-2.43.14.1.1.5.1.5 = INTEGER: 1
SNMPv2-SMI::mib-2.43.14.1.1.5.1.6 = INTEGER: 1
SNMPv2-SMI::mib-2.43.14.1.1.5.1.7 = INTEGER: 1
SNMPv2-SMI::mib-2.43.14.1.1.5.1.8 = INTEGER: 1
SNMPv2-SMI::mib-2.43.14.1.1.5.1.9 = INTEGER: 1
SNMPv2-SMI::mib-2.43.14.1.1.5.1.10 = INTEGER: 1
SNMPv2-SMI::mib-2.43.14.1.1.5.1.11 = INTEGER: 1
SNMPv2-SMI::mib-2.43.14.1.1.5.1.12 = INTEGER: 1
SNMPv2-SMI::mib-2.43.14.1.1.5.1.13 = INTEGER: 1
SNMPv2-SMI::mib-2.43.14.1.1.5.1.14 = INTEGER: 1
SNMPv2-SMI::mib-2.43.14.1.1.5.1.15 = INTEGER: 1
SNMPv2-SMI::mib-2.43.14.1.1.6.1.1 = INTEGER: 4
SNMPv2-SMI::mib-2.43.14.1.1.6.1.2 = INTEGER: 4
SNMPv2-SMI::mib-2.43.14.1.1.6.1.3 = INTEGER: 4
SNMPv2-SMI::mib-2.43.14.1.1.6.1.4 = INTEGER: 4
SNMPv2-SMI::mib-2.43.14.1.1.6.1.5 = INTEGER: 4
SNMPv2-SMI::mib-2.43.14.1.1.6.1.6 = INTEGER: 4
SNMPv2-SMI::mib-2.43.14.1.1.6.1.7 = INTEGER: 4
SNMPv2-SMI::mib-2.43.14.1.1.6.1.8 = INTEGER: 4
SNMPv2-SMI::mib-2.43.14.1.1.6.1.9 = INTEGER: 4
SNMPv2-SMI::mib-2.43.14.1.1.6.1.10 = INTEGER: 4
SNMPv2-SMI::mib-2.43.14.1.1.6.1.11 = INTEGER: 4
SNMPv2-SMI::mib-2.43.14.1.1.6.1.12 = INTEGER: 4
SNMPv2-SMI::mib-2.43.14.1.1.6.1.13 = INTEGER: 4
SNMPv2-SMI::mib-2.43.14.1.1.6.1.14 = INTEGER: 4
SNMPv2-SMI::mib-2.43.14.1.1.6.1.15 = INTEGER: 4
SNMPv2-SMI::mib-2.43.14.1.1.7.1.1 = INTEGER: 0
SNMPv2-SMI::mib-2.43.14.1.1.7.1.2 = INTEGER: 1
SNMPv2-SMI::mib-2.43.14.1.1.7.1.3 = INTEGER: 1
SNMPv2-SMI::mib-2.43.14.1.1.7.1.4 = INTEGER: 1
SNMPv2-SMI::mib-2.43.14.1.1.7.1.5 = INTEGER: 1
SNMPv2-SMI::mib-2.43.14.1.1.7.1.6 = INTEGER: 1
SNMPv2-SMI::mib-2.43.14.1.1.7.1.7 = INTEGER: 1
SNMPv2-SMI::mib-2.43.14.1.1.7.1.8 = INTEGER: 1
SNMPv2-SMI::mib-2.43.14.1.1.7.1.9 = INTEGER: 1
SNMPv2-SMI::mib-2.43.14.1.1.7.1.10 = INTEGER: 1
SNMPv2-SMI::mib-2.43.14.1.1.7.1.11 = INTEGER: 1
SNMPv2-SMI::mib-2.43.14.1.1.7.1.12 = INTEGER: 0
SNMPv2-SMI::mib-2.43.14.1.1.7.1.13 = INTEGER: 1
SNMPv2-SMI::mib-2.43.14.1.1.7.1.14 = INTEGER: 1
SNMPv2-SMI::mib-2.43.14.1.1.7.1.15 = INTEGER: 1
SNMPv2-SMI::mib-2.43.14.1.1.8.1.1 = INTEGER: 0
SNMPv2-SMI::mib-2.43.14.1.1.8.1.2 = INTEGER: 4
SNMPv2-SMI::mib-2.43.14.1.1.8.1.3 = INTEGER: 4
SNMPv2-SMI::mib-2.43.14.1.1.8.1.4 = INTEGER: 4
SNMPv2-SMI::mib-2.43.14.1.1.8.1.5 = INTEGER: 4
SNMPv2-SMI::mib-2.43.14.1.1.8.1.6 = INTEGER: 4
SNMPv2-SMI::mib-2.43.14.1.1.8.1.7 = INTEGER: 4
SNMPv2-SMI::mib-2.43.14.1.1.8.1.8 = INTEGER: 4
SNMPv2-SMI::mib-2.43.14.1.1.8.1.9 = INTEGER: 4
SNMPv2-SMI::mib-2.43.14.1.1.8.1.10 = INTEGER: 4
SNMPv2-SMI::mib-2.43.14.1.1.8.1.11 = INTEGER: 4
SNMPv2-SMI::mib-2.43.14.1.1.8.1.12 = INTEGER: 0
SNMPv2-SMI::mib-2.43.14.1.1.8.1.13 = INTEGER: 4
SNMPv2-SMI::mib-2.43.14.1.1.8.1.14 = INTEGER: 4
SNMPv2-SMI::mib-2.43.14.1.1.8.1.15 = INTEGER: 4
SNMPv2-SMI::mib-2.43.15.1.1.2.1.1 = INTEGER: 37
SNMPv2-SMI::mib-2.43.15.1.1.2.1.2 = INTEGER: 5
SNMPv2-SMI::mib-2.43.15.1.1.2.1.3 = INTEGER: 3
SNMPv2-SMI::mib-2.43.15.1.1.2.1.4 = INTEGER: 47
SNMPv2-SMI::mib-2.43.15.1.1.2.1.5 = INTEGER: 6
SNMPv2-SMI::mib-2.43.15.1.1.3.1.1 = STRING: "1.00"
SNMPv2-SMI::mib-2.43.15.1.1.3.1.2 = STRING: "1.00"
SNMPv2-SMI::mib-2.43.15.1.1.3.1.3 = STRING: "5.0"
SNMPv2-SMI::mib-2.43.15.1.1.3.1.4 = STRING: "2.0"
SNMPv2-SMI::mib-2.43.15.1.1.3.1.5 = STRING: "10.0"
SNMPv2-SMI::mib-2.43.15.1.1.4.1.1 = STRING: "20060706"
SNMPv2-SMI::mib-2.43.15.1.1.4.1.2 = STRING: "20060706"
SNMPv2-SMI::mib-2.43.15.1.1.4.1.3 = STRING: "20060706"
SNMPv2-SMI::mib-2.43.15.1.1.4.1.4 = STRING: "20060706"
SNMPv2-SMI::mib-2.43.15.1.1.4.1.5 = STRING: "20060706"
SNMPv2-SMI::mib-2.43.15.1.1.5.1.1 = STRING: "AUTO"
SNMPv2-SMI::mib-2.43.15.1.1.5.1.2 = STRING: "PJL"
SNMPv2-SMI::mib-2.43.15.1.1.5.1.3 = STRING: "PCL"
SNMPv2-SMI::mib-2.43.15.1.1.5.1.4 = STRING: "PCLXL"
SNMPv2-SMI::mib-2.43.15.1.1.5.1.5 = STRING: "BR-Script 3"
SNMPv2-SMI::mib-2.43.15.1.1.6.1.1 = STRING: "1.00"
SNMPv2-SMI::mib-2.43.15.1.1.6.1.2 = STRING: "1.00"
SNMPv2-SMI::mib-2.43.15.1.1.6.1.3 = STRING: "1.00"
SNMPv2-SMI::mib-2.43.15.1.1.6.1.4 = STRING: "1.00"
SNMPv2-SMI::mib-2.43.15.1.1.6.1.5 = STRING: "1.00"
SNMPv2-SMI::mib-2.43.15.1.1.7.1.1 = INTEGER: 3
SNMPv2-SMI::mib-2.43.15.1.1.7.1.2 = INTEGER: 3
SNMPv2-SMI::mib-2.43.15.1.1.7.1.3 = INTEGER: 3
SNMPv2-SMI::mib-2.43.15.1.1.7.1.4 = INTEGER: 3
SNMPv2-SMI::mib-2.43.15.1.1.7.1.5 = INTEGER: 3
SNMPv2-SMI::mib-2.43.15.1.1.8.1.1 = INTEGER: 600
SNMPv2-SMI::mib-2.43.15.1.1.8.1.2 = INTEGER: 600
SNMPv2-SMI::mib-2.43.15.1.1.8.1.3 = INTEGER: 600
SNMPv2-SMI::mib-2.43.15.1.1.8.1.4 = INTEGER: 600
SNMPv2-SMI::mib-2.43.15.1.1.8.1.5 = INTEGER: 600
SNMPv2-SMI::mib-2.43.15.1.1.9.1.1 = INTEGER: 2400
SNMPv2-SMI::mib-2.43.15.1.1.9.1.2 = INTEGER: 2400
SNMPv2-SMI::mib-2.43.15.1.1.9.1.3 = INTEGER: 2400
SNMPv2-SMI::mib-2.43.15.1.1.9.1.4 = INTEGER: 2400
SNMPv2-SMI::mib-2.43.15.1.1.9.1.5 = INTEGER: 2400
SNMPv2-SMI::mib-2.43.15.1.1.10.1.1 = INTEGER: 2
SNMPv2-SMI::mib-2.43.15.1.1.10.1.2 = INTEGER: 2
SNMPv2-SMI::mib-2.43.15.1.1.10.1.3 = INTEGER: 2
SNMPv2-SMI::mib-2.43.15.1.1.10.1.4 = INTEGER: 2
SNMPv2-SMI::mib-2.43.15.1.1.10.1.5 = INTEGER: 2
SNMPv2-SMI::mib-2.43.15.1.1.11.1.1 = INTEGER: 2
SNMPv2-SMI::mib-2.43.15.1.1.11.1.2 = INTEGER: 2
SNMPv2-SMI::mib-2.43.15.1.1.11.1.3 = INTEGER: 2
SNMPv2-SMI::mib-2.43.15.1.1.11.1.4 = INTEGER: 2
SNMPv2-SMI::mib-2.43.15.1.1.11.1.5 = INTEGER: 2
SNMPv2-SMI::mib-2.43.15.1.1.12.1.1 = INTEGER: 4
SNMPv2-SMI::mib-2.43.15.1.1.12.1.2 = INTEGER: 3
SNMPv2-SMI::mib-2.43.15.1.1.12.1.3 = INTEGER: 3
SNMPv2-SMI::mib-2.43.15.1.1.12.1.4 = INTEGER: 3
SNMPv2-SMI::mib-2.43.15.1.1.12.1.5 = INTEGER: 3
SNMPv2-SMI::mib-2.43.16.5.1.2.1.1 = STRING: "03/27 20:50  Fax"
SNMPv2-SMI::mib-2.43.16.5.1.2.1.2 = STRING: "Sleep           "
SNMPv2-SMI::mib-2.43.18.1.1.2.1.1 = INTEGER: 1
SNMPv2-SMI::mib-2.43.18.1.1.2.1.2 = INTEGER: 0
SNMPv2-SMI::mib-2.43.18.1.1.3.1.1 = INTEGER: 1
SNMPv2-SMI::mib-2.43.18.1.1.3.1.2 = INTEGER: 0
SNMPv2-SMI::mib-2.43.18.1.1.4.1.1 = INTEGER: 1
SNMPv2-SMI::mib-2.43.18.1.1.4.1.2 = INTEGER: 0
SNMPv2-SMI::mib-2.43.18.1.1.5.1.1 = INTEGER: -1
SNMPv2-SMI::mib-2.43.18.1.1.5.1.2 = INTEGER: 0
SNMPv2-SMI::mib-2.43.18.1.1.6.1.1 = INTEGER: 40000
SNMPv2-SMI::mib-2.43.18.1.1.6.1.2 = INTEGER: 10001
SNMPv2-SMI::mib-2.43.18.1.1.7.1.1 = INTEGER: 1
SNMPv2-SMI::mib-2.43.18.1.1.7.1.2 = INTEGER: 0
SNMPv2-SMI::mib-2.43.18.1.1.8.1.1 = STRING: "Sleep"
SNMPv2-SMI::mib-2.43.18.1.1.8.1.2 = ""
SNMPv2-SMI::mib-2.43.18.1.1.9.1.1 = Timeticks: (13740) 0:02:17.40
SNMPv2-SMI::mib-2.43.18.1.1.9.1.2 = Timeticks: (11630) 0:01:56.30
